<?xml version="1.0" encoding="UTF-8"?>
<!-- Generated by org.testng.reporters.JUnitReportReporter -->
<testsuite hostname="MSI" failures="0" tests="3" name="tests.LoginTest" time="25.456" errors="0" timestamp="2025-09-15T15:55:41 IST" skipped="0">
  <testcase classname="tests.LoginTest" name="testInvalidLogin" time="10.185"/>
  <testcase classname="tests.LoginTest" name="testValidLogin" time="7.438"/>
  <testcase classname="tests.LoginTest" name="testEmptyFields" time="7.833"/>
</testsuite> <!-- tests.LoginTest -->
