<?xml version="1.0" encoding="UTF-8"?>
<!-- Generated by org.testng.reporters.JUnitReportReporter -->
<testsuite hostname="MSI" failures="0" tests="3" name="tests.LoginTest" time="28.877" errors="0" timestamp="2025-09-15T14:04:36 IST" skipped="0">
  <testcase classname="tests.LoginTest" name="testValidLogin" time="10.869"/>
  <testcase classname="tests.LoginTest" name="testEmptyFields" time="10.261"/>
  <testcase classname="tests.LoginTest" name="testInvalidLogin" time="7.747"/>
</testsuite> <!-- tests.LoginTest -->
